SF:lib\persistence\user_manager.dart
DA:17,1
DA:24,1
DA:25,1
DA:26,3
DA:30,1
DA:31,1
DA:35,1
DA:36,5
DA:37,3
DA:38,4
DA:43,1
DA:47,0
DA:53,0
DA:54,0
DA:57,0
LF:15
LH:11
end_of_record
SF:lib\telegram_api\converters.dart
DA:3,1
DA:4,1
DA:5,1
DA:6,2
DA:7,2
DA:11,1
DA:16,1
DA:17,1
DA:18,2
DA:19,2
DA:20,1
DA:21,1
DA:22,1
DA:23,1
DA:27,1
DA:28,1
DA:29,1
DA:32,1
DA:37,1
DA:38,1
DA:39,2
DA:40,2
DA:41,1
DA:42,1
DA:43,2
DA:47,1
DA:48,1
DA:49,1
DA:50,1
DA:51,1
DA:52,1
DA:53,1
DA:54,1
DA:57,1
DA:58,1
DA:59,1
DA:60,1
DA:61,1
DA:62,1
DA:63,2
DA:66,1
DA:68,1
DA:70,0
DA:72,0
DA:74,0
DA:77,0
DA:81,1
DA:83,1
DA:86,2
DA:87,1
DA:88,1
DA:89,1
DA:90,2
DA:92,1
DA:95,1
DA:97,1
DA:99,1
DA:101,1
DA:103,1
DA:105,1
DA:107,0
DA:109,0
DA:111,0
DA:113,0
DA:115,0
DA:117,0
DA:119,0
DA:122,0
LF:68
LH:56
end_of_record
SF:lib\telegram_api\models.dart
DA:2,1
DA:9,0
DA:10,0
DA:12,0
DA:13,0
DA:14,0
DA:18,1
DA:31,1
DA:43,1
DA:55,1
DA:64,6
DA:67,1
DA:74,2
DA:75,1
DA:76,1
DA:77,1
DA:78,1
DA:79,1
DA:80,1
DA:81,1
DA:82,1
DA:83,1
DA:84,1
DA:85,1
DA:86,1
DA:87,1
DA:91,1
DA:94,0
DA:98,1
DA:104,1
LF:30
LH:24
end_of_record
SF:lib\telegram_api\telegram_api.dart
DA:8,0
DA:9,0
DA:10,0
DA:12,0
DA:13,0
DA:17,0
DA:21,0
DA:23,0
DA:24,0
DA:25,0
DA:28,0
DA:29,0
DA:33,0
DA:34,0
DA:38,1
DA:39,1
DA:40,2
DA:41,1
DA:42,1
DA:46,1
DA:47,2
DA:50,1
DA:51,1
DA:52,4
DA:53,2
DA:54,1
DA:55,3
DA:56,1
DA:57,1
DA:58,1
DA:59,1
DA:60,1
DA:61,3
DA:62,0
DA:65,1
DA:66,4
DA:67,1
DA:70,1
LF:38
LH:23
end_of_record
SF:lib\constants.dart
DA:3,0
DA:5,0
DA:7,0
DA:9,0
LF:4
LH:0
end_of_record
SF:lib\room.dart
DA:11,0
DA:12,0
DA:13,0
DA:16,0
DA:20,0
DA:21,0
DA:22,0
DA:23,0
DA:24,0
DA:26,0
DA:31,0
DA:33,0
DA:36,0
DA:37,0
DA:38,0
DA:40,0
DA:45,1
DA:52,1
DA:55,1
DA:56,0
DA:58,2
DA:60,2
DA:62,0
DA:66,1
DA:67,2
DA:69,3
DA:70,4
DA:72,1
DA:73,4
DA:74,1
DA:75,1
DA:76,1
DA:77,2
DA:81,2
DA:82,3
DA:83,2
DA:85,1
DA:86,3
DA:89,1
DA:90,3
DA:94,1
DA:96,4
DA:98,2
DA:101,1
DA:104,1
DA:106,2
DA:107,2
DA:108,2
DA:110,1
DA:111,6
DA:119,1
DA:120,1
DA:121,1
DA:123,1
DA:124,1
DA:125,1
DA:130,1
LF:57
LH:39
end_of_record
SF:lib\room\action.dart
DA:7,0
DA:9,0
DA:10,0
DA:11,0
DA:14,1
DA:19,0
DA:21,0
DA:23,0
DA:24,0
DA:26,0
DA:27,0
DA:34,2
DA:35,2
DA:37,1
DA:40,3
DA:43,0
DA:50,1
DA:51,1
DA:57,0
DA:59,0
DA:61,0
DA:63,0
DA:69,0
DA:70,0
DA:71,0
DA:72,0
DA:73,0
DA:74,0
DA:75,0
DA:76,0
DA:77,0
LF:31
LH:7
end_of_record
SF:lib\room\action_router.dart
DA:15,1
DA:21,1
DA:23,1
DA:24,4
DA:25,1
DA:26,4
DA:27,1
DA:28,3
DA:29,1
DA:30,3
DA:31,1
DA:32,3
DA:33,1
DA:34,3
DA:35,1
DA:36,4
DA:37,1
DA:38,3
DA:40,2
LF:19
LH:19
end_of_record
SF:lib\room\add_account_action.dart
DA:9,1
DA:11,1
DA:13,0
DA:16,1
DA:17,3
DA:19,3
DA:21,2
DA:22,2
DA:23,2
DA:24,1
DA:25,1
DA:26,3
LF:12
LH:11
end_of_record
SF:lib\room\cards\new_cards_action.dart
DA:9,2
DA:11,0
DA:14,1
DA:15,3
DA:17,2
DA:18,2
DA:19,2
DA:20,3
DA:21,1
DA:24,2
DA:29,0
DA:30,0
DA:31,0
DA:33,0
DA:35,0
DA:42,0
DA:43,0
LF:17
LH:9
end_of_record
SF:lib\room\confirm_auth_action.dart
DA:9,1
DA:11,1
DA:13,0
DA:16,0
DA:17,0
DA:19,0
DA:20,0
DA:21,0
DA:22,0
DA:23,0
DA:26,0
DA:27,0
DA:28,0
DA:30,0
LF:14
LH:2
end_of_record
SF:lib\room\help_action.dart
DA:9,1
DA:10,1
DA:12,0
DA:15,0
DA:16,0
DA:17,0
DA:19,0
DA:20,0
DA:21,0
DA:22,0
DA:24,0
DA:25,0
DA:26,0
DA:32,0
DA:33,0
DA:34,0
DA:36,0
DA:38,0
DA:44,1
DA:45,2
LF:20
LH:4
end_of_record
SF:lib\room\info_action.dart
DA:9,1
DA:10,1
DA:12,0
DA:15,0
DA:16,0
DA:17,0
DA:18,0
DA:22,0
DA:23,0
DA:24,0
DA:26,0
DA:28,0
DA:34,0
DA:35,0
LF:14
LH:2
end_of_record
SF:lib\room\remove_account_action.dart
DA:10,1
DA:12,1
DA:14,0
DA:19,0
DA:20,0
DA:22,0
DA:23,0
DA:24,0
DA:26,0
DA:27,0
DA:32,0
DA:33,0
DA:34,0
DA:37,0
DA:40,0
DA:45,0
LF:16
LH:2
end_of_record
SF:lib\room\request_auth_action.dart
DA:10,1
DA:12,1
DA:14,0
DA:19,1
DA:20,3
DA:21,3
DA:23,3
DA:25,2
DA:26,2
DA:27,2
DA:28,1
DA:29,1
DA:30,3
LF:13
LH:12
end_of_record
SF:lib\room\start_action.dart
DA:10,1
DA:12,1
DA:14,0
DA:19,0
DA:20,0
DA:22,0
DA:23,0
DA:25,0
DA:26,0
DA:38,0
DA:40,0
DA:42,0
DA:43,0
DA:44,0
DA:45,0
DA:46,0
DA:47,0
LF:17
LH:2
end_of_record
SF:lib\persistence\user_manager_provider.dart
DA:6,0
DA:10,0
DA:11,0
LF:3
LH:0
end_of_record
SF:lib\persistence\mongo_user_manager.dart
DA:8,0
DA:14,0
DA:15,0
DA:16,0
DA:19,0
DA:20,0
DA:21,0
DA:23,0
DA:27,0
DA:28,0
DA:29,0
DA:30,0
DA:31,0
DA:33,0
DA:34,0
DA:36,0
DA:40,0
DA:41,0
DA:42,0
DA:46,0
DA:47,0
DA:48,0
DA:49,0
DA:50,0
DA:51,0
DA:55,0
DA:56,0
DA:58,0
DA:59,0
DA:60,0
DA:61,0
LF:31
LH:0
end_of_record
